This is pdfTeX, Version 3.1415926-2.5-1.40.14 (TeX Live 2013/Debian) (format=latex 2014.10.1)  16 FEB 2015 13:37
entering extended mode
 restricted \write18 enabled.
 %&-line parsing enabled.
**\AtBeginDocument{\RequirePackage{pslatex}} \def\PSLATEXTMP{\futurelet\PSLATEX
TMP\PSLATEXTMPB} \def\PSLATEXTMPB{\ifx\PSLATEXTMP\nonstopmode\else\input\fi} \P
SLATEXTMP latex-beamer
(./latex-beamer.tex (/usr/share/texmf/tex/latex/beamer/base/beamer.cls
(/usr/share/texmf/tex/latex/beamer/base/beamerbasercs.sty
Package: beamerbasercs 2012/11/13 (rcs-revision cb16a617839f)
)
Document Class: beamer 2012/10/15 development version 3.24 A class for typesett
ing presentations (rcs-revision 24853e6b98cf)
(/usr/share/texmf/tex/latex/beamer/base/beamerbasemodes.sty
Package: beamerbasemodes 2012/04/15 (rcs-revision cc6557182d97)
\beamer@tempbox=\box26
\beamer@tempcount=\count79
\c@beamerpauses=\count80

(/usr/share/texmf/tex/latex/beamer/base/beamerbasedecode.sty
Package: beamerbasedecode 2010/05/01 (rcs-revision efa082c6111d)
\beamer@slideinframe=\count81
\beamer@minimum=\count82
)
\beamer@commentbox=\box27
\beamer@modecount=\count83
)
(/usr/share/texlive/texmf-dist/tex/generic/oberdiek/ifpdf.sty
Package: ifpdf 2011/01/30 v2.3 Provides the ifpdf switch (HO)
Package ifpdf Info: pdfTeX in PDF mode is not detected.
)
\headheight=\dimen102
\headdp=\dimen103
\footheight=\dimen104
\sidebarheight=\dimen105
\beamer@tempdim=\dimen106
\beamer@finalheight=\dimen107
\beamer@animht=\dimen108
\beamer@animdp=\dimen109
\beamer@animwd=\dimen110
\beamer@leftmargin=\dimen111
\beamer@rightmargin=\dimen112
\beamer@leftsidebar=\dimen113
\beamer@rightsidebar=\dimen114
\beamer@boxsize=\dimen115
\beamer@vboxoffset=\dimen116
\beamer@descdefault=\dimen117
\beamer@descriptionwidth=\dimen118
\beamer@lastskip=\skip41
\beamer@areabox=\box28
\beamer@animcurrent=\box29
\beamer@animshowbox=\box30
\beamer@sectionbox=\box31
\beamer@logobox=\box32
\beamer@linebox=\box33
\beamer@sectioncount=\count84
\beamer@subsubsectionmax=\count85
\beamer@subsectionmax=\count86
\beamer@sectionmax=\count87
\beamer@totalheads=\count88
\beamer@headcounter=\count89
\beamer@partstartpage=\count90
\beamer@sectionstartpage=\count91
\beamer@subsectionstartpage=\count92
\beamer@animationtempa=\count93
\beamer@animationtempb=\count94
\beamer@xpos=\count95
\beamer@ypos=\count96
\beamer@showpartnumber=\count97
\beamer@currentsubsection=\count98
\beamer@coveringdepth=\count99
\beamer@sectionadjust=\count100
\beamer@tocsectionnumber=\count101

(/usr/share/texmf/tex/latex/beamer/base/beamerbaseoptions.sty
Package: beamerbaseoptions 2010/04/27 (rcs-revision 982469101dd6)

(/usr/share/texlive/texmf-dist/tex/latex/graphics/keyval.sty
Package: keyval 1999/03/16 v1.13 key=value parser (DPC)
\KV@toks@=\toks14
))
\beamer@paperwidth=\skip42
\beamer@paperheight=\skip43

(/usr/share/texlive/texmf-dist/tex/latex/geometry/geometry.sty
Package: geometry 2010/09/12 v5.6 Page Geometry

(/usr/share/texlive/texmf-dist/tex/generic/oberdiek/ifvtex.sty
Package: ifvtex 2010/03/01 v1.5 Detect VTeX and its facilities (HO)
Package ifvtex Info: VTeX not detected.
)
(/usr/share/texlive/texmf-dist/tex/generic/ifxetex/ifxetex.sty
Package: ifxetex 2010/09/12 v0.6 Provides ifxetex conditional
)
\Gm@cnth=\count102
\Gm@cntv=\count103
\c@Gm@tempcnt=\count104
\Gm@bindingoffset=\dimen119
\Gm@wd@mp=\dimen120
\Gm@odd@mp=\dimen121
\Gm@even@mp=\dimen122
\Gm@layoutwidth=\dimen123
\Gm@layoutheight=\dimen124
\Gm@layouthoffset=\dimen125
\Gm@layoutvoffset=\dimen126
\Gm@dimlist=\toks15
)

Class beamer Warning: ``mathserif'' is obsolete. Use font theme ``serif'' with 
option ``onlymath'' on input line 345.

(/usr/share/texlive/texmf-dist/tex/latex/base/size10.clo
File: size10.clo 2007/10/19 v1.4h Standard LaTeX file (size option)
)
(/usr/share/texmf/tex/latex/pgf/basiclayer/pgfcore.sty
(/usr/share/texlive/texmf-dist/tex/latex/graphics/graphicx.sty
Package: graphicx 1999/02/16 v1.0f Enhanced LaTeX Graphics (DPC,SPQR)

(/usr/share/texlive/texmf-dist/tex/latex/graphics/graphics.sty
Package: graphics 2009/02/05 v1.0o Standard LaTeX Graphics (DPC,SPQR)

(/usr/share/texlive/texmf-dist/tex/latex/graphics/trig.sty
Package: trig 1999/03/16 v1.09 sin cos tan (DPC)
)
(/usr/share/texlive/texmf-dist/tex/latex/latexconfig/graphics.cfg
File: graphics.cfg 2010/04/23 v1.9 graphics configuration of TeX Live
)
Package graphics Info: Driver file: dvips.def on input line 91.

(/usr/share/texlive/texmf-dist/tex/latex/graphics/dvips.def
File: dvips.def 1999/02/16 v3.0i Driver-dependant file (DPC,SPQR)
))
\Gin@req@height=\dimen127
\Gin@req@width=\dimen128
)
(/usr/share/texmf/tex/latex/pgf/systemlayer/pgfsys.sty
(/usr/share/texmf/tex/latex/pgf/utilities/pgfrcs.sty
(/usr/share/texmf/tex/generic/pgf/utilities/pgfutil-common.tex
\pgfutil@everybye=\toks16
)
(/usr/share/texmf/tex/generic/pgf/utilities/pgfutil-latex.def
\pgfutil@abb=\box34

(/usr/share/texlive/texmf-dist/tex/latex/ms/everyshi.sty
Package: everyshi 2001/05/15 v3.00 EveryShipout Package (MS)
))
(/usr/share/texmf/tex/generic/pgf/utilities/pgfrcs.code.tex
Package: pgfrcs 2010/10/25 v2.10 (rcs-revision 1.24)
))
(/usr/share/texmf/tex/generic/pgf/systemlayer/pgfsys.code.tex
Package: pgfsys 2010/06/30 v2.10 (rcs-revision 1.37)

(/usr/share/texmf/tex/generic/pgf/utilities/pgfkeys.code.tex
\pgfkeys@pathtoks=\toks17
\pgfkeys@temptoks=\toks18

(/usr/share/texmf/tex/generic/pgf/utilities/pgfkeysfiltered.code.tex
\pgfkeys@tmptoks=\toks19
))
\pgf@x=\dimen129
\pgf@y=\dimen130
\pgf@xa=\dimen131
\pgf@ya=\dimen132
\pgf@xb=\dimen133
\pgf@yb=\dimen134
\pgf@xc=\dimen135
\pgf@yc=\dimen136
\w@pgf@writea=\write3
\r@pgf@reada=\read1
\c@pgf@counta=\count105
\c@pgf@countb=\count106
\c@pgf@countc=\count107
\c@pgf@countd=\count108

(/usr/share/texmf/tex/generic/pgf/systemlayer/pgf.cfg
File: pgf.cfg 2008/05/14  (rcs-revision 1.7)
)
Package pgfsys Info: Driver file for pgf: pgfsys-dvips.def on input line 900.

(/usr/share/texmf/tex/generic/pgf/systemlayer/pgfsys-dvips.def
File: pgfsys-dvips.def 2008/04/03  (rcs-revision 1.20)

(/usr/share/texmf/tex/generic/pgf/systemlayer/pgfsys-common-postscript.def
File: pgfsys-common-postscript.def 2008/10/01  (rcs-revision 1.22)
\pgf@objectcount=\count109
)))
(/usr/share/texmf/tex/generic/pgf/systemlayer/pgfsyssoftpath.code.tex
File: pgfsyssoftpath.code.tex 2008/07/18  (rcs-revision 1.7)
\pgfsyssoftpath@smallbuffer@items=\count110
\pgfsyssoftpath@bigbuffer@items=\count111
)
(/usr/share/texmf/tex/generic/pgf/systemlayer/pgfsysprotocol.code.tex
File: pgfsysprotocol.code.tex 2006/10/16  (rcs-revision 1.4)
))
(/usr/share/texmf/tex/latex/xcolor/xcolor.sty
Package: xcolor 2007/01/21 v2.11 LaTeX color extensions (UK)

(/usr/share/texlive/texmf-dist/tex/latex/latexconfig/color.cfg
File: color.cfg 2007/01/18 v1.5 color configuration of teTeX/TeXLive
)
Package xcolor Info: Driver file: dvips.def on input line 225.
Package xcolor Info: Model `cmy' substituted by `cmy0' on input line 1337.
Package xcolor Info: Model `RGB' extended on input line 1353.
Package xcolor Info: Model `HTML' substituted by `rgb' on input line 1355.
Package xcolor Info: Model `Hsb' substituted by `hsb' on input line 1356.
Package xcolor Info: Model `tHsb' substituted by `hsb' on input line 1357.
Package xcolor Info: Model `HSB' substituted by `hsb' on input line 1358.
Package xcolor Info: Model `Gray' substituted by `gray' on input line 1359.
Package xcolor Info: Model `wave' substituted by `hsb' on input line 1360.
)
(/usr/share/texmf/tex/generic/pgf/basiclayer/pgfcore.code.tex
Package: pgfcore 2010/04/11 v2.10 (rcs-revision 1.7)

(/usr/share/texmf/tex/generic/pgf/math/pgfmath.code.tex
(/usr/share/texmf/tex/generic/pgf/math/pgfmathcalc.code.tex
(/usr/share/texmf/tex/generic/pgf/math/pgfmathutil.code.tex)
(/usr/share/texmf/tex/generic/pgf/math/pgfmathparser.code.tex
\pgfmath@dimen=\dimen137
\pgfmath@count=\count112
\pgfmath@box=\box35
\pgfmath@toks=\toks20
\pgfmath@stack@operand=\toks21
\pgfmath@stack@operation=\toks22
)
(/usr/share/texmf/tex/generic/pgf/math/pgfmathfunctions.code.tex
(/usr/share/texmf/tex/generic/pgf/math/pgfmathfunctions.basic.code.tex)
(/usr/share/texmf/tex/generic/pgf/math/pgfmathfunctions.trigonometric.code.tex)
(/usr/share/texmf/tex/generic/pgf/math/pgfmathfunctions.random.code.tex)
(/usr/share/texmf/tex/generic/pgf/math/pgfmathfunctions.comparison.code.tex)
(/usr/share/texmf/tex/generic/pgf/math/pgfmathfunctions.base.code.tex)
(/usr/share/texmf/tex/generic/pgf/math/pgfmathfunctions.round.code.tex)
(/usr/share/texmf/tex/generic/pgf/math/pgfmathfunctions.misc.code.tex)))
(/usr/share/texmf/tex/generic/pgf/math/pgfmathfloat.code.tex
\c@pgfmathroundto@lastzeros=\count113
))
(/usr/share/texmf/tex/generic/pgf/basiclayer/pgfcorepoints.code.tex
File: pgfcorepoints.code.tex 2010/04/09  (rcs-revision 1.20)
\pgf@picminx=\dimen138
\pgf@picmaxx=\dimen139
\pgf@picminy=\dimen140
\pgf@picmaxy=\dimen141
\pgf@pathminx=\dimen142
\pgf@pathmaxx=\dimen143
\pgf@pathminy=\dimen144
\pgf@pathmaxy=\dimen145
\pgf@xx=\dimen146
\pgf@xy=\dimen147
\pgf@yx=\dimen148
\pgf@yy=\dimen149
\pgf@zx=\dimen150
\pgf@zy=\dimen151
)
(/usr/share/texmf/tex/generic/pgf/basiclayer/pgfcorepathconstruct.code.tex
File: pgfcorepathconstruct.code.tex 2010/08/03  (rcs-revision 1.24)
\pgf@path@lastx=\dimen152
\pgf@path@lasty=\dimen153
)
(/usr/share/texmf/tex/generic/pgf/basiclayer/pgfcorepathusage.code.tex
File: pgfcorepathusage.code.tex 2008/04/22  (rcs-revision 1.12)
\pgf@shorten@end@additional=\dimen154
\pgf@shorten@start@additional=\dimen155
)
(/usr/share/texmf/tex/generic/pgf/basiclayer/pgfcorescopes.code.tex
File: pgfcorescopes.code.tex 2010/09/08  (rcs-revision 1.34)
\pgfpic=\box36
\pgf@hbox=\box37
\pgf@layerbox@main=\box38
\pgf@picture@serial@count=\count114
)
(/usr/share/texmf/tex/generic/pgf/basiclayer/pgfcoregraphicstate.code.tex
File: pgfcoregraphicstate.code.tex 2008/04/22  (rcs-revision 1.9)
\pgflinewidth=\dimen156
)
(/usr/share/texmf/tex/generic/pgf/basiclayer/pgfcoretransformations.code.tex
File: pgfcoretransformations.code.tex 2009/06/10  (rcs-revision 1.11)
\pgf@pt@x=\dimen157
\pgf@pt@y=\dimen158
\pgf@pt@temp=\dimen159
)
(/usr/share/texmf/tex/generic/pgf/basiclayer/pgfcorequick.code.tex
File: pgfcorequick.code.tex 2008/10/09  (rcs-revision 1.3)
)
(/usr/share/texmf/tex/generic/pgf/basiclayer/pgfcoreobjects.code.tex
File: pgfcoreobjects.code.tex 2006/10/11  (rcs-revision 1.2)
)
(/usr/share/texmf/tex/generic/pgf/basiclayer/pgfcorepathprocessing.code.tex
File: pgfcorepathprocessing.code.tex 2008/10/09  (rcs-revision 1.8)
)
(/usr/share/texmf/tex/generic/pgf/basiclayer/pgfcorearrows.code.tex
File: pgfcorearrows.code.tex 2008/04/23  (rcs-revision 1.11)
)
(/usr/share/texmf/tex/generic/pgf/basiclayer/pgfcoreshade.code.tex
File: pgfcoreshade.code.tex 2008/11/23  (rcs-revision 1.13)
\pgf@max=\dimen160
\pgf@sys@shading@range@num=\count115
)
(/usr/share/texmf/tex/generic/pgf/basiclayer/pgfcoreimage.code.tex
File: pgfcoreimage.code.tex 2010/03/25  (rcs-revision 1.16)

(/usr/share/texmf/tex/generic/pgf/basiclayer/pgfcoreexternal.code.tex
File: pgfcoreexternal.code.tex 2010/09/01  (rcs-revision 1.17)
\pgfexternal@startupbox=\box39
))
(/usr/share/texmf/tex/generic/pgf/basiclayer/pgfcorelayers.code.tex
File: pgfcorelayers.code.tex 2010/08/27  (rcs-revision 1.2)
)
(/usr/share/texmf/tex/generic/pgf/basiclayer/pgfcoretransparency.code.tex
File: pgfcoretransparency.code.tex 2008/01/17  (rcs-revision 1.2)
)
(/usr/share/texmf/tex/generic/pgf/basiclayer/pgfcorepatterns.code.tex
File: pgfcorepatterns.code.tex 2009/07/02  (rcs-revision 1.3)
)))
(/usr/share/texmf/tex/latex/pgf/utilities/xxcolor.sty
Package: xxcolor 2003/10/24 ver 0.1
\XC@nummixins=\count116
\XC@countmixins=\count117
)
(/usr/share/texlive/texmf-dist/tex/latex/hyperref/hyperref.sty
Package: hyperref 2012/11/06 v6.83m Hypertext links for LaTeX

(/usr/share/texlive/texmf-dist/tex/generic/oberdiek/hobsub-hyperref.sty
Package: hobsub-hyperref 2012/05/28 v1.13 Bundle oberdiek, subset hyperref (HO)


(/usr/share/texlive/texmf-dist/tex/generic/oberdiek/hobsub-generic.sty
Package: hobsub-generic 2012/05/28 v1.13 Bundle oberdiek, subset generic (HO)
Package: hobsub 2012/05/28 v1.13 Construct package bundles (HO)
Package: infwarerr 2010/04/08 v1.3 Providing info/warning/error messages (HO)
Package: ltxcmds 2011/11/09 v1.22 LaTeX kernel commands for general use (HO)
Package: ifluatex 2010/03/01 v1.3 Provides the ifluatex switch (HO)
Package ifluatex Info: LuaTeX not detected.
Package hobsub Info: Skipping package `ifvtex' (already loaded).
Package: intcalc 2007/09/27 v1.1 Expandable calculations with integers (HO)
Package hobsub Info: Skipping package `ifpdf' (already loaded).
Package: etexcmds 2011/02/16 v1.5 Avoid name clashes with e-TeX commands (HO)
Package etexcmds Info: Could not find \expanded.
(etexcmds)             That can mean that you are not using pdfTeX 1.50 or
(etexcmds)             that some package has redefined \expanded.
(etexcmds)             In the latter case, load this package earlier.
Package: kvsetkeys 2012/04/25 v1.16 Key value parser (HO)
Package: kvdefinekeys 2011/04/07 v1.3 Define keys (HO)
Package: pdftexcmds 2011/11/29 v0.20 Utility functions of pdfTeX for LuaTeX (HO
)
Package pdftexcmds Info: LuaTeX not detected.
Package pdftexcmds Info: \pdf@primitive is available.
Package pdftexcmds Info: \pdf@ifprimitive is available.
Package pdftexcmds Info: \pdfdraftmode is ignored in DVI mode.
Package: pdfescape 2011/11/25 v1.13 Implements pdfTeX's escape features (HO)
Package: bigintcalc 2012/04/08 v1.3 Expandable calculations on big integers (HO
)
Package: bitset 2011/01/30 v1.1 Handle bit-vector datatype (HO)
Package: uniquecounter 2011/01/30 v1.2 Provide unlimited unique counter (HO)
)
Package hobsub Info: Skipping package `hobsub' (already loaded).
Package: letltxmacro 2010/09/02 v1.4 Let assignment for LaTeX macros (HO)
Package: hopatch 2012/05/28 v1.2 Wrapper for package hooks (HO)
Package: xcolor-patch 2011/01/30 xcolor patch
Package: atveryend 2011/06/30 v1.8 Hooks at the very end of document (HO)
Package atveryend Info: \enddocument detected (standard20110627).
Package: atbegshi 2011/10/05 v1.16 At begin shipout hook (HO)
Package: refcount 2011/10/16 v3.4 Data extraction from label references (HO)
Package: hycolor 2011/01/30 v1.7 Color options for hyperref/bookmark (HO)
)
(/usr/share/texlive/texmf-dist/tex/latex/oberdiek/auxhook.sty
Package: auxhook 2011/03/04 v1.3 Hooks for auxiliary files (HO)
)
(/usr/share/texlive/texmf-dist/tex/latex/oberdiek/kvoptions.sty
Package: kvoptions 2011/06/30 v3.11 Key value format for package options (HO)
)
\@linkdim=\dimen161
\Hy@linkcounter=\count118
\Hy@pagecounter=\count119

(/usr/share/texlive/texmf-dist/tex/latex/hyperref/pd1enc.def
File: pd1enc.def 2012/11/06 v6.83m Hyperref: PDFDocEncoding definition (HO)
)
\Hy@SavedSpaceFactor=\count120

(/usr/share/texlive/texmf-dist/tex/latex/latexconfig/hyperref.cfg
File: hyperref.cfg 2002/06/06 v1.2 hyperref configuration of TeXLive
)
Package hyperref Info: Option `bookmarks' set `true' on input line 4319.
Package hyperref Info: Option `bookmarksopen' set `true' on input line 4319.
Package hyperref Info: Option `implicit' set `false' on input line 4319.
Package hyperref Info: Hyper figures OFF on input line 4443.
Package hyperref Info: Link nesting OFF on input line 4448.
Package hyperref Info: Hyper index ON on input line 4451.
Package hyperref Info: Plain pages OFF on input line 4458.
Package hyperref Info: Backreferencing OFF on input line 4463.
Package hyperref Info: Implicit mode OFF; no redefinition of LaTeX internals.
Package hyperref Info: Bookmarks ON on input line 4688.
\c@Hy@tempcnt=\count121

(/usr/share/texlive/texmf-dist/tex/latex/url/url.sty
\Urlmuskip=\muskip10
Package: url 2013/09/16  ver 3.4  Verb mode for urls, etc.
)
LaTeX Info: Redefining \url on input line 5041.
\XeTeXLinkMargin=\dimen162
\Fld@menulength=\count122
\Field@Width=\dimen163
\Fld@charsize=\dimen164
Package hyperref Info: Hyper figures OFF on input line 6295.
Package hyperref Info: Link nesting OFF on input line 6300.
Package hyperref Info: Hyper index ON on input line 6303.
Package hyperref Info: backreferencing OFF on input line 6310.
Package hyperref Info: Link coloring OFF on input line 6315.
Package hyperref Info: Link coloring with OCG OFF on input line 6320.
Package hyperref Info: PDF/A mode OFF on input line 6325.
LaTeX Info: Redefining \ref on input line 6365.
LaTeX Info: Redefining \pageref on input line 6369.
\Hy@abspage=\count123


Package hyperref Message: Stopped early.

)

Package hyperref Message: Driver (default): hdvips.

(/usr/share/texlive/texmf-dist/tex/latex/hyperref/hdvips.def
File: hdvips.def 2012/11/06 v6.83m Hyperref driver for dvips

(/usr/share/texlive/texmf-dist/tex/latex/hyperref/pdfmark.def
File: pdfmark.def 2012/11/06 v6.83m Hyperref definitions for pdfmark specials
\pdf@docset=\toks23
\pdf@box=\box40
\pdf@toks=\toks24
\pdf@defaulttoks=\toks25
\HyField@AnnotCount=\count124
\Fld@listcount=\count125
\c@bookmark@seq@number=\count126

(/usr/share/texlive/texmf-dist/tex/latex/oberdiek/rerunfilecheck.sty
Package: rerunfilecheck 2011/04/15 v1.7 Rerun checks for auxiliary files (HO)
Package uniquecounter Info: New unique counter `rerunfilecheck' on input line 2
82.
)))
(/usr/share/texmf/tex/latex/beamer/base/beamerbaserequires.sty
Package: beamerbaserequires 2010/05/01  (rcs-revision efa082c6111d)

(/usr/share/texmf/tex/latex/beamer/base/beamerbasecompatibility.sty
Package: beamerbasecompatibility 2012/05/01  (rcs-revision 67c48b3b652d)
)
(/usr/share/texmf/tex/latex/beamer/base/beamerbasefont.sty
Package: beamerbasefont 2012/09/19  (rcs-revision 733629cd0c6c)

(/usr/share/texlive/texmf-dist/tex/latex/amsfonts/amssymb.sty
Package: amssymb 2013/01/14 v3.01 AMS font symbols

(/usr/share/texlive/texmf-dist/tex/latex/amsfonts/amsfonts.sty
Package: amsfonts 2013/01/14 v3.01 Basic AMSFonts support
\@emptytoks=\toks26
\symAMSa=\mathgroup4
\symAMSb=\mathgroup5
LaTeX Font Info:    Overwriting math alphabet `\mathfrak' in version `bold'
(Font)                  U/euf/m/n --> U/euf/b/n on input line 106.
)))
(/usr/share/texmf/tex/latex/beamer/base/beamerbasetranslator.sty
Package: beamerbasetranslator 2010/06/11  (rcs-revision 85fd1cc7fc42)

(/usr/share/texmf/tex/latex/beamer/base/translator/translator.sty
Package: translator 2010/06/12 ver 1.10

(/usr/share/texmf/tex/latex/beamer/base/translator/translator-language-mappings
.tex))) (/usr/share/texmf/tex/latex/beamer/base/beamerbasemisc.sty
Package: beamerbasemisc 2012/02/24  (rcs-revision 2ff5461be705)
)
(/usr/share/texmf/tex/latex/beamer/base/beamerbasetwoscreens.sty
Package: beamerbasetwoscreens 2010/05/01  (rcs-revision efa082c6111d)
)
(/usr/share/texmf/tex/latex/beamer/base/beamerbaseoverlay.sty
Package: beamerbaseoverlay 2012/11/11  (rcs-revision 6afbc49b1109)
\beamer@argscount=\count127
\beamer@lastskipcover=\skip44
\beamer@trivlistdepth=\count128
)
(/usr/share/texmf/tex/latex/beamer/base/beamerbasetitle.sty
Package: beamerbasetitle 2010/09/21  (rcs-revision f0446ed0b6ae)
)
(/usr/share/texmf/tex/latex/beamer/base/beamerbasesection.sty
Package: beamerbasesection 2012/11/11  (rcs-revision 0056eef6f17f)
\c@lecture=\count129
\c@part=\count130
\c@section=\count131
\c@subsection=\count132
\c@subsubsection=\count133
)
(/usr/share/texmf/tex/latex/beamer/base/beamerbaseframe.sty
Package: beamerbaseframe 2012/09/13  (rcs-revision dcd846607320)
\beamer@framebox=\box41
\beamer@frametitlebox=\box42
\beamer@zoombox=\box43
\beamer@zoomcount=\count134
\beamer@zoomframecount=\count135
\beamer@frametextheight=\dimen165
\c@subsectionslide=\count136
\beamer@frametopskip=\skip45
\beamer@framebottomskip=\skip46
\beamer@frametopskipautobreak=\skip47
\beamer@framebottomskipautobreak=\skip48
\beamer@envbody=\toks27
\framewidth=\dimen166
\c@framenumber=\count137
)
(/usr/share/texmf/tex/latex/beamer/base/beamerbaseverbatim.sty
Package: beamerbaseverbatim 2012/08/30  (rcs-revision dfdb135076b3)
\beamer@verbatimfileout=\write4
)
(/usr/share/texmf/tex/latex/beamer/base/beamerbaseframesize.sty
Package: beamerbaseframesize 2011/09/12  (rcs-revision 70f9d8411e54)
\beamer@splitbox=\box44
\beamer@autobreakcount=\count138
\beamer@autobreaklastheight=\dimen167
\beamer@frametitletoks=\toks28
\beamer@framesubtitletoks=\toks29
)
(/usr/share/texmf/tex/latex/beamer/base/beamerbaseframecomponents.sty
Package: beamerbaseframecomponents 2012/09/13  (rcs-revision dcd846607320)
\beamer@footins=\box45
)
(/usr/share/texmf/tex/latex/beamer/base/beamerbasecolor.sty
Package: beamerbasecolor 2010/06/06  (rcs-revision d1a9b48be06d)
)
(/usr/share/texmf/tex/latex/beamer/base/beamerbasenotes.sty
Package: beamerbasenotes 2010/05/01  (rcs-revision efa082c6111d)
\beamer@frameboxcopy=\box46
)
(/usr/share/texmf/tex/latex/beamer/base/beamerbasetoc.sty
Package: beamerbasetoc 2012/10/02  (rcs-revision 5ed0f4010e8a)
)
(/usr/share/texmf/tex/latex/beamer/base/beamerbasetemplates.sty
Package: beamerbasetemplates 2010/05/01  (rcs-revision efa082c6111d)
\beamer@sbttoks=\toks30

(/usr/share/texmf/tex/latex/beamer/base/beamerbaseauxtemplates.sty
Package: beamerbaseauxtemplates 2012/05/01  (rcs-revision 67c48b3b652d)

(/usr/share/texmf/tex/latex/beamer/base/beamerbaseboxes.sty
Package: beamerbaseboxes 2012/05/13  (rcs-revision 56972908a390)
\bmb@box=\box47
\bmb@colorbox=\box48
\bmb@boxshadow=\box49
\bmb@boxshadowball=\box50
\bmb@boxshadowballlarge=\box51
\bmb@temp=\dimen168
\bmb@dima=\dimen169
\bmb@dimb=\dimen170
\bmb@prevheight=\dimen171
)
\beamer@blockheadheight=\dimen172
))
(/usr/share/texmf/tex/latex/beamer/base/beamerbaselocalstructure.sty
Package: beamerbaselocalstructure 2012/11/13  (rcs-revision ddfba79dac19)

(/usr/share/texlive/texmf-dist/tex/latex/tools/enumerate.sty
Package: enumerate 1999/03/05 v3.00 enumerate extensions (DPC)
\@enLab=\toks31
)
\c@figure=\count139
\c@table=\count140
\abovecaptionskip=\skip49
\belowcaptionskip=\skip50
)
(/usr/share/texmf/tex/latex/beamer/base/beamerbasenavigation.sty
Package: beamerbasenavigation 2012/04/03  (rcs-revision 42a0f21a412d)
\beamer@section@min@dim=\dimen173
)
(/usr/share/texmf/tex/latex/beamer/base/beamerbasetheorems.sty
Package: beamerbasetheorems 2010/06/06  (rcs-revision 7e7cc5e53e9d)

(/usr/share/texlive/texmf-dist/tex/latex/amsmath/amsmath.sty
Package: amsmath 2013/01/14 v2.14 AMS math features
\@mathmargin=\skip51

For additional information on amsmath, use the `?' option.
(/usr/share/texlive/texmf-dist/tex/latex/amsmath/amstext.sty
Package: amstext 2000/06/29 v2.01

(/usr/share/texlive/texmf-dist/tex/latex/amsmath/amsgen.sty
File: amsgen.sty 1999/11/30 v2.0
\@emptytoks=\toks32
\ex@=\dimen174
))
(/usr/share/texlive/texmf-dist/tex/latex/amsmath/amsbsy.sty
Package: amsbsy 1999/11/29 v1.2d
\pmbraise@=\dimen175
)
(/usr/share/texlive/texmf-dist/tex/latex/amsmath/amsopn.sty
Package: amsopn 1999/12/14 v2.01 operator names
)
\inf@bad=\count141
LaTeX Info: Redefining \frac on input line 210.
\uproot@=\count142
\leftroot@=\count143
LaTeX Info: Redefining \overline on input line 306.
\classnum@=\count144
\DOTSCASE@=\count145
LaTeX Info: Redefining \ldots on input line 378.
LaTeX Info: Redefining \dots on input line 381.
LaTeX Info: Redefining \cdots on input line 466.
\Mathstrutbox@=\box52
\strutbox@=\box53
\big@size=\dimen176
LaTeX Font Info:    Redeclaring font encoding OML on input line 566.
LaTeX Font Info:    Redeclaring font encoding OMS on input line 567.
\macc@depth=\count146
\c@MaxMatrixCols=\count147
\dotsspace@=\muskip11
\c@parentequation=\count148
\dspbrk@lvl=\count149
\tag@help=\toks33
\row@=\count150
\column@=\count151
\maxfields@=\count152
\andhelp@=\toks34
\eqnshift@=\dimen177
\alignsep@=\dimen178
\tagshift@=\dimen179
\tagwidth@=\dimen180
\totwidth@=\dimen181
\lineht@=\dimen182
\@envbody=\toks35
\multlinegap=\skip52
\multlinetaggap=\skip53
\mathdisplay@stack=\toks36
LaTeX Info: Redefining \[ on input line 2665.
LaTeX Info: Redefining \] on input line 2666.
)
(/usr/share/texlive/texmf-dist/tex/latex/amscls/amsthm.sty
Package: amsthm 2004/08/06 v2.20
\thm@style=\toks37
\thm@bodyfont=\toks38
\thm@headfont=\toks39
\thm@notefont=\toks40
\thm@headpunct=\toks41
\thm@preskip=\skip54
\thm@postskip=\skip55
\thm@headsep=\skip56
\dth@everypar=\toks42
)
\c@theorem=\count153
)
(/usr/share/texmf/tex/latex/beamer/base/beamerbasethemes.sty
Package: beamerbasethemes 2010/05/01  (rcs-revision efa082c6111d)
))
(/usr/share/texmf/tex/latex/beamer/base/themes/theme/beamerthemedefault.sty
Package: beamerthemedefault 2010/06/17  (rcs-revision d02a7cf4d8ae)

(/usr/share/texmf/tex/latex/beamer/base/themes/font/beamerfontthemedefault.sty
Package: beamerfontthemedefault 2010/06/17  (rcs-revision d02a7cf4d8ae)
)
(/usr/share/texmf/tex/latex/beamer/base/themes/color/beamercolorthemedefault.st
y
Package: beamercolorthemedefault 2010/06/17  (rcs-revision d02a7cf4d8ae)
)
(/usr/share/texmf/tex/latex/beamer/base/themes/inner/beamerinnerthemedefault.st
y
Package: beamerinnerthemedefault 2012/05/01  (rcs-revision 67c48b3b652d)
\beamer@dima=\dimen183
\beamer@dimb=\dimen184
)
(/usr/share/texmf/tex/latex/beamer/base/themes/outer/beamerouterthemedefault.st
y
Package: beamerouterthemedefault 2012/10/02  (rcs-revision 5ed0f4010e8a)
)))
(/usr/share/texmf/tex/latex/beamer/base/themes/theme/compatibility/beamerthemes
plit.sty
Package: beamerthemesplit 2010/06/17  (rcs-revision d02a7cf4d8ae)

(/usr/share/texmf/tex/latex/beamer/base/themes/color/beamercolorthemewhale.sty
Package: beamercolorthemewhale 2010/06/17  (rcs-revision d02a7cf4d8ae)
) (/usr/share/texmf/tex/latex/beamer/base/themes/outer/beamerouterthemesplit.st
y
Package: beamerouterthemesplit 2012/10/16  (rcs-revision 51a8c72084af)
)
(/usr/share/texmf/tex/latex/beamer/base/themes/font/beamerfontthemestructurebol
d.sty
Package: beamerfontthemestructurebold 2010/06/17  (rcs-revision d02a7cf4d8ae)
)) (/usr/share/texlive/texmf-dist/tex/latex/graphics/epsfig.sty
Package: epsfig 1999/02/16 v1.7a (e)psfig emulation (SPQR)
\epsfxsize=\dimen185
\epsfysize=\dimen186
)
(./algorithm.sty
Package: algorithm 2009/08/24 v0.1 Document Style `algorithm' - floating enviro
nment
 (/usr/share/texlive/texmf-dist/tex/latex/float/float.sty
Package: float 2001/11/08 v1.3d Float enhancements (AL)
\c@float@type=\count154
\float@exts=\toks43
\float@box=\box54
\@float@everytoks=\toks44
\@floatcapt=\box55
)
(/usr/share/texlive/texmf-dist/tex/latex/base/ifthen.sty
Package: ifthen 2001/05/26 v1.1c Standard LaTeX ifthen package (DPC)
)
\@float@every@algorithm=\toks45
\c@algorithm=\count155
)
(/usr/share/texlive/texmf-dist/tex/latex/tools/verbatim.sty
Package: verbatim 2003/08/22 v1.5q LaTeX2e package for verbatim enhancements
\every@verbatim=\toks46
\verbatim@line=\toks47
\verbatim@in@stream=\read2
)
(/usr/share/texlive/texmf-dist/tex/latex/listings/listings.sty
\lst@mode=\count156
\lst@gtempboxa=\box56
\lst@token=\toks48
\lst@length=\count157
\lst@currlwidth=\dimen187
\lst@column=\count158
\lst@pos=\count159
\lst@lostspace=\dimen188
\lst@width=\dimen189
\lst@newlines=\count160
\lst@lineno=\count161
\lst@maxwidth=\dimen190

(/usr/share/texlive/texmf-dist/tex/latex/listings/lstmisc.sty
File: lstmisc.sty 2013/08/26 1.5b (Carsten Heinz)
\c@lstnumber=\count162
\lst@skipnumbers=\count163
\lst@framebox=\box57
)
(/usr/share/texlive/texmf-dist/tex/latex/listings/listings.cfg
File: listings.cfg 2013/08/26 1.5b listings configuration
))
Package: listings 2013/08/26 1.5b (Carsten Heinz)

(/usr/share/texlive/texmf-dist/tex/latex/framed/framed.sty
Package: framed 2011/10/22 v 0.96: framed or shaded text with page breaks
\OuterFrameSep=\skip57
\fb@frw=\dimen191
\fb@frh=\dimen192
\FrameRule=\dimen193
\FrameSep=\dimen194
)
(/usr/share/texlive/texmf-dist/tex/latex/pstricks/pstricks.sty
Package: pstricks 2013/12/12 v0.60 LaTeX wrapper for `PSTricks' (RN,HV)

(/usr/share/texlive/texmf-dist/tex/generic/pstricks/pstricks.tex
(/usr/share/texlive/texmf-dist/tex/generic/xkeyval/pst-xkey.tex
File: pst-xkey.tex 2005/11/25 v1.6 PSTricks specialization of xkeyval (HA)

(/usr/share/texlive/texmf-dist/tex/latex/xkeyval/xkeyval.sty
Package: xkeyval 2012/10/14 v2.6b package option processing (HA)

(/usr/share/texlive/texmf-dist/tex/generic/xkeyval/xkeyval.tex
\XKV@toks=\toks49
\XKV@tempa@toks=\toks50
\XKV@depth=\count164
File: xkeyval.tex 2012/10/14 v2.6b key=value parser (HA)
)))
(/usr/share/texlive/texmf-dist/tex/generic/pstricks/pst-fp.tex
`pst-fp' v0.05, 2010/01/17 (hv)
\pstFP@xs=\count165
\pstFP@xia=\count166
\pstFP@xib=\count167
\pstFP@xfa=\count168
\pstFP@xfb=\count169
\pstFP@rega=\count170
\pstFP@regb=\count171
\pstFP@regs=\count172
\pstFP@times=\count173
)
(/usr/share/texmf/tex/generic/pgf/utilities/pgfutil-common.tex
\pgfutil@everybye=\toks51
)
(/usr/share/texmf/tex/generic/pgf/utilities/pgfkeys.code.tex)
(/usr/share/texmf/tex/generic/pgf/utilities/pgffor.code.tex
\pgffor@iter=\dimen195
\pgffor@skip=\dimen196
\pgffor@stack=\toks52
\pgffor@toks=\toks53
)
\psLoopIndex=\count174

`PSTricks' v2.51  <2014/02/03> (tvz)
\pst@dima=\dimen197
\pst@dimb=\dimen198
\pst@dimc=\dimen199
\pst@dimd=\dimen200
\pst@dimg=\dimen201
\pst@dimh=\dimen202
\pst@dimm=\dimen203
\pst@dimn=\dimen204
\pst@dimo=\dimen205
\pst@dimp=\dimen206
\pst@hbox=\box58
\pst@ibox=\box59
\pst@boxg=\box60
\pst@cnta=\count175
\pst@cntb=\count176
\pst@cntc=\count177
\pst@cntd=\count178
\pst@cntg=\count179
\pst@cnth=\count180
\pst@cntm=\count181
\pst@cntn=\count182
\pst@cnto=\count183
\pst@cntp=\count184
\@zero=\count185
\pst@toks=\toks54
(/usr/share/texlive/texmf-dist/tex/generic/pstricks/pstricks.con)
\psunit=\dimen207
\psxunit=\dimen208
\psyunit=\dimen209
\pst@C@@rType=\count186
\pslinewidth=\dimen210
\psk@startLW=\dimen211
\psk@endLW=\dimen212
\pst@customdefs=\toks55
\pslinearc=\dimen213
\pst@symbolStep=\dimen214
\pst@symbolWidth=\dimen215
\pst@symbolLinewidth=\dimen216
\everypsbox=\toks56
\psframesep=\dimen217
\pslabelsep=\dimen218
\sh@wgridXunit=\dimen219
\sh@wgridYunit=\dimen220
\pst@shift=\dimen221
)
File: pstricks.tex 2014/02/03 v2.51 `PSTricks' (tvz,hv)

(/usr/share/texlive/texmf-dist/tex/generic/pstricks/pst-fp.tex)
File: pst-fp.tex 2014/02/03 v2.51 `PST-fp' (hv)
)
(/usr/share/texlive/texmf-dist/tex/latex/pst-node/pst-node.sty
Package: pst-node 2012/09/18 v1.01 LaTeX wrapper for `pst-node' (HV)
Package: pst-node 2010/04/22 package wrapper for pst-node.tex

(/usr/share/texlive/texmf-dist/tex/generic/pst-node/pst-node.tex
 v1.32, 2014/02/03
\psrow=\count187
\pscol=\count188
\psmatrixcnt=\count189
\psrowsep=\skip58
\pscolsep=\skip59
\pst@args=\count190
\num@pts=\count191
\pst@argcnt=\count192
)
File: pst-node.tex 2014/02/03 1.32 `pst-node' (tvz,hv)
)
(/usr/share/texlive/texmf-dist/tex/latex/pst-tree/pst-tree.sty
Package: pst-tree 2009/01/25 package wrapper for pst-tree.tex

(/usr/share/texlive/texmf-dist/tex/generic/pst-tree/pst-tree.tex
 v1.12, 2011/02/28(tvz,dg,hv)
\pstree@rootbox=\box61
\pstree@box=\box62
\psnodecnt=\count193
\pstreelevel=\count194
\pstreecnt=\count195
\pstree@cnt=\count196
\pstree@stop=\count197
)
File: pst-tree.tex 2011/02/28 1.12 `pst-tree' (tvz,hv)
) (./pst-rel-points.sty
\c@xcoordinate=\count198
\c@ycoordinate=\count199
\c@originxcoordinate=\count200
\c@originycoordinate=\count201
) (./flexiprogram.sty
\BRACEL=\skip60
\BRACE=\skip61
\TAL=\skip62
LaTeX Font Info:    Try loading font information for OMS+cmss on input line 10.

LaTeX Font Info:    No file OMScmss.fd. on input line 10.


LaTeX Font Warning: Font shape `OMS/cmss/m/n' undefined
(Font)              using `OMS/cmsy/m/n' instead
(Font)              for symbol `textbraceleft' on input line 10.

\c@programline=\count202
) (/usr/share/texlive/texmf-dist/tex/generic/babel/babel.sty
Package: babel 2013/12/03 3.9h The Babel package

(/usr/share/texlive/texmf-dist/tex/generic/babel-english/english.ldf
Language: english 2012/08/20 v3.3p English support from the babel system

(/usr/share/texlive/texmf-dist/tex/generic/babel/babel.def
File: babel.def 2013/12/03 3.9h Babel common definitions
LaTeX Info: Redefining \textlatin on input line 137.
\babel@savecnt=\count203
\U@D=\dimen222
)
\l@canadian = a dialect from \language\l@american 
\l@australian = a dialect from \language\l@british 
\l@newzealand = a dialect from \language\l@british 
))
(/usr/share/texlive/texmf-dist/tex/latex/pst-coil/pst-coil.sty
Package: pst-coil 2010/02/01 package wrapper for pst-coil.tex (hv)

(/usr/share/texlive/texmf-dist/tex/generic/pst-coil/pst-coil.tex
 v1.12, 2011/02/28
(/usr/share/texlive/texmf-dist/tex/generic/pst-node/pst-node.tex))
File: pst-coil.tex 2011/09/17 v1.06 `PST-coil' (tvz,hv)
)
(/usr/share/texmf/tex/latex/pgf/frontendlayer/tikz.sty
(/usr/share/texmf/tex/latex/pgf/basiclayer/pgf.sty
(/usr/share/texmf/tex/generic/pgf/modules/pgfmoduleshapes.code.tex
File: pgfmoduleshapes.code.tex 2010/09/09  (rcs-revision 1.13)
\pgfnodeparttextbox=\box63
)
(/usr/share/texmf/tex/generic/pgf/modules/pgfmoduleplot.code.tex
File: pgfmoduleplot.code.tex 2010/10/22  (rcs-revision 1.8)
)
(/usr/share/texmf/tex/latex/pgf/compatibility/pgfcomp-version-0-65.sty
\pgf@nodesepstart=\dimen223
\pgf@nodesepend=\dimen224
)
(/usr/share/texmf/tex/latex/pgf/compatibility/pgfcomp-version-1-18.sty))
(/usr/share/texmf/tex/latex/pgf/utilities/pgffor.sty
(/usr/share/texmf/tex/latex/pgf/utilities/pgfkeys.sty
(/usr/share/texmf/tex/generic/pgf/utilities/pgfkeys.code.tex))
(/usr/share/texmf/tex/generic/pgf/utilities/pgffor.code.tex
\pgffor@iter=\dimen225
\pgffor@skip=\dimen226
\pgffor@stack=\toks57
\pgffor@toks=\toks58
))
(/usr/share/texmf/tex/generic/pgf/frontendlayer/tikz/tikz.code.tex
(/usr/share/texmf/tex/generic/pgf/libraries/pgflibraryplothandlers.code.tex
File: pgflibraryplothandlers.code.tex 2010/05/31 v2.10 (rcs-revision 1.15)
\pgf@plot@mark@count=\count204
\pgfplotmarksize=\dimen227
)
\tikz@lastx=\dimen228
\tikz@lasty=\dimen229
\tikz@lastxsaved=\dimen230
\tikz@lastysaved=\dimen231
\tikzleveldistance=\dimen232
\tikzsiblingdistance=\dimen233
\tikz@figbox=\box64
\tikz@tempbox=\box65
\tikztreelevel=\count205
\tikznumberofchildren=\count206
\tikznumberofcurrentchild=\count207
\tikz@fig@count=\count208

(/usr/share/texmf/tex/generic/pgf/modules/pgfmodulematrix.code.tex
File: pgfmodulematrix.code.tex 2010/08/24  (rcs-revision 1.4)
\pgfmatrixcurrentrow=\count209
\pgfmatrixcurrentcolumn=\count210
\pgf@matrix@numberofcolumns=\count211
)
\tikz@expandcount=\count212

(/usr/share/texmf/tex/generic/pgf/frontendlayer/tikz/libraries/tikzlibrarytopat
hs.code.tex
File: tikzlibrarytopaths.code.tex 2008/06/17 v2.10 (rcs-revision 1.2)
)))
(/usr/share/texmf/tex/latex/beamer/base/themes/font/beamerfontthemeserif.sty)
(/usr/share/texlive/texmf-dist/tex/latex/listings/lstlang1.sty
File: lstlang1.sty 2013/08/26 1.5b listings language file
)
(/usr/share/texlive/texmf-dist/tex/latex/listings/lstmisc.sty
File: lstmisc.sty 2013/08/26 1.5b (Carsten Heinz)
)
(/usr/share/texmf/tex/latex/beamer/base/themes/theme/beamerthemeCambridgeUS.sty

(/usr/share/texmf/tex/latex/beamer/base/themes/inner/beamerinnerthemerounded.st
y)
(/usr/share/texmf/tex/latex/beamer/base/themes/outer/beamerouterthemeinfolines.
sty)
(/usr/share/texmf/tex/latex/beamer/base/themes/color/beamercolorthemebeaver.sty
))
(/usr/share/texmf/tex/latex/beamer/base/themes/color/beamercolorthemedolphin.st
y)
No file latex-beamer.aux.
\openout1 = `latex-beamer.aux'.

LaTeX Font Info:    Checking defaults for OML/cmm/m/it on input line 54.
LaTeX Font Info:    ... okay on input line 54.
LaTeX Font Info:    Checking defaults for T1/cmr/m/n on input line 54.
LaTeX Font Info:    ... okay on input line 54.
LaTeX Font Info:    Checking defaults for OT1/cmr/m/n on input line 54.
LaTeX Font Info:    ... okay on input line 54.
LaTeX Font Info:    Checking defaults for OMS/cmsy/m/n on input line 54.
LaTeX Font Info:    ... okay on input line 54.
LaTeX Font Info:    Checking defaults for OMX/cmex/m/n on input line 54.
LaTeX Font Info:    ... okay on input line 54.
LaTeX Font Info:    Checking defaults for U/cmr/m/n on input line 54.
LaTeX Font Info:    ... okay on input line 54.
LaTeX Font Info:    Checking defaults for PD1/pdf/m/n on input line 54.
LaTeX Font Info:    ... okay on input line 54.
(/usr/share/texlive/texmf-dist/tex/latex/pslatex/pslatex.sty
Package: pslatex 1996/07/24 v1.2 pslatex emulation (DPC)
LaTeX Font Info:    Redeclaring symbol font `operators' on input line 65.
LaTeX Font Info:    Overwriting symbol font `operators' in version `normal'
(Font)                  OT1/cmr/m/n --> OT1/ptmcm/m/n on input line 65.
LaTeX Font Info:    Overwriting symbol font `operators' in version `bold'
(Font)                  OT1/cmr/bx/n --> OT1/ptmcm/m/n on input line 65.
LaTeX Font Info:    Redeclaring symbol font `letters' on input line 66.
LaTeX Font Info:    Overwriting symbol font `letters' in version `normal'
(Font)                  OML/cmm/m/it --> OML/ptmcm/m/it on input line 66.
LaTeX Font Info:    Overwriting symbol font `letters' in version `bold'
(Font)                  OML/cmm/b/it --> OML/ptmcm/m/it on input line 66.
LaTeX Font Info:    Redeclaring symbol font `symbols' on input line 67.
LaTeX Font Info:    Overwriting symbol font `symbols' in version `normal'
(Font)                  OMS/cmsy/m/n --> OMS/pzccm/m/n on input line 67.
LaTeX Font Info:    Overwriting symbol font `symbols' in version `bold'
(Font)                  OMS/cmsy/b/n --> OMS/pzccm/m/n on input line 67.
LaTeX Font Info:    Redeclaring symbol font `largesymbols' on input line 68.
LaTeX Font Info:    Overwriting symbol font `largesymbols' in version `normal'
(Font)                  OMX/cmex/m/n --> OMX/psycm/m/n on input line 68.
LaTeX Font Info:    Overwriting symbol font `largesymbols' in version `bold'
(Font)                  OMX/cmex/m/n --> OMX/psycm/m/n on input line 68.
\symbold=\mathgroup6
\symitalic=\mathgroup7
LaTeX Font Info:    Redeclaring math alphabet \mathbf on input line 74.
LaTeX Font Info:    Overwriting math alphabet `\mathbf' in version `normal'
(Font)                  OT1/cmr/bx/n --> OT1/ptm/bx/n on input line 74.
LaTeX Font Info:    Overwriting math alphabet `\mathbf' in version `bold'
(Font)                  OT1/cmr/bx/n --> OT1/ptm/bx/n on input line 74.
LaTeX Font Info:    Redeclaring math alphabet \mathit on input line 75.
LaTeX Font Info:    Overwriting math alphabet `\mathit' in version `normal'
(Font)                  OT1/cmr/m/it --> OT1/ptm/m/it on input line 75.
LaTeX Font Info:    Overwriting math alphabet `\mathit' in version `bold'
(Font)                  OT1/cmr/bx/it --> OT1/ptm/m/it on input line 75.
)
*geometry* driver: auto-detecting
*geometry* detected driver: dvips
*geometry* verbose mode - [ preamble ] result:
* driver: dvips
* paper: custom
* layout: <same size as paper>
* layoutoffset:(h,v)=(0.0pt,0.0pt)
* modes: includehead includefoot 
* h-part:(L,W,R)=(10.00002pt, 344.19533pt, 10.00002pt)
* v-part:(T,H,B)=(0.0pt, 273.14662pt, 0.0pt)
* \paperwidth=364.19536pt
* \paperheight=273.14662pt
* \textwidth=344.19533pt
* \textheight=244.6939pt
* \oddsidemargin=-62.26997pt
* \evensidemargin=-62.26997pt
* \topmargin=-72.26999pt
* \headheight=14.22636pt
* \headsep=0.0pt
* \topskip=10.0pt
* \footskip=14.22636pt
* \marginparwidth=3.0pt
* \marginparsep=11.0pt
* \columnsep=10.0pt
* \skip\footins=9.0pt plus 4.0pt minus 2.0pt
* \hoffset=0.0pt
* \voffset=0.0pt
* \mag=1000
* \@twocolumnfalse
* \@twosidefalse
* \@mparswitchfalse
* \@reversemarginfalse
* (1in=72.27pt=25.4mm, 1cm=28.453pt)

ABD: EveryShipout initializing macros
\AtBeginShipoutBox=\box66
Package hyperref Info: Link coloring OFF on input line 54.

(/usr/share/texlive/texmf-dist/tex/latex/hyperref/nameref.sty
Package: nameref 2012/10/27 v2.43 Cross-referencing by name of section

(/usr/share/texlive/texmf-dist/tex/generic/oberdiek/gettitlestring.sty
Package: gettitlestring 2010/12/03 v1.4 Cleanup title references (HO)
)
\c@section@level=\count213
)
LaTeX Info: Redefining \ref on input line 54.
LaTeX Info: Redefining \pageref on input line 54.
LaTeX Info: Redefining \nameref on input line 54.
\@outlinefile=\write5
\openout5 = `latex-beamer.out'.



Package hyperref Warning: Rerun to get /PageLabels entry.

\symnumbers=\mathgroup8
\sympureletters=\mathgroup9
LaTeX Font Info:    Overwriting math alphabet `\mathrm' in version `normal'
(Font)                  OT1/ptmcm/m/n --> OT1/ptm/m/n on input line 54.
LaTeX Font Info:    Redeclaring math alphabet \mathbf on input line 54.
LaTeX Font Info:    Overwriting math alphabet `\mathbf' in version `normal'
(Font)                  OT1/ptm/bx/n --> OT1/ptm/bx/n on input line 54.
LaTeX Font Info:    Overwriting math alphabet `\mathbf' in version `bold'
(Font)                  OT1/ptm/bx/n --> OT1/ptm/bx/n on input line 54.
LaTeX Font Info:    Redeclaring math alphabet \mathsf on input line 54.
LaTeX Font Info:    Overwriting math alphabet `\mathsf' in version `normal'
(Font)                  OT1/cmss/m/n --> OT1/phv/m/n on input line 54.
LaTeX Font Info:    Overwriting math alphabet `\mathsf' in version `bold'
(Font)                  OT1/cmss/bx/n --> OT1/phv/m/n on input line 54.
LaTeX Font Info:    Redeclaring math alphabet \mathit on input line 54.
LaTeX Font Info:    Overwriting math alphabet `\mathit' in version `normal'
(Font)                  OT1/ptm/m/it --> OT1/ptm/m/it on input line 54.
LaTeX Font Info:    Overwriting math alphabet `\mathit' in version `bold'
(Font)                  OT1/ptm/m/it --> OT1/ptm/m/it on input line 54.
LaTeX Font Info:    Redeclaring math alphabet \mathtt on input line 54.
LaTeX Font Info:    Overwriting math alphabet `\mathtt' in version `normal'
(Font)                  OT1/cmtt/m/n --> OT1/pcr/m/n on input line 54.
LaTeX Font Info:    Overwriting math alphabet `\mathtt' in version `bold'
(Font)                  OT1/cmtt/m/n --> OT1/pcr/m/n on input line 54.
LaTeX Font Info:    Overwriting symbol font `numbers' in version `bold'
(Font)                  OT1/ptm/m/n --> OT1/ptm/bx/n on input line 54.
LaTeX Font Info:    Overwriting symbol font `pureletters' in version `bold'
(Font)                  OT1/ptm/m/it --> OT1/ptm/bx/it on input line 54.
LaTeX Font Info:    Overwriting math alphabet `\mathrm' in version `bold'
(Font)                  OT1/ptmcm/m/n --> OT1/ptm/bx/n on input line 54.
LaTeX Font Info:    Overwriting math alphabet `\mathbf' in version `bold'
(Font)                  OT1/ptm/bx/n --> OT1/ptm/bx/n on input line 54.
LaTeX Font Info:    Overwriting math alphabet `\mathsf' in version `bold'
(Font)                  OT1/phv/m/n --> OT1/phv/bx/n on input line 54.
LaTeX Font Info:    Overwriting math alphabet `\mathit' in version `bold'
(Font)                  OT1/ptm/m/it --> OT1/ptm/bx/it on input line 54.
LaTeX Font Info:    Overwriting math alphabet `\mathtt' in version `bold'
(Font)                  OT1/pcr/m/n --> OT1/pcr/bx/n on input line 54.

(/usr/share/texmf/tex/latex/beamer/base/translator/dicts/translator-basic-dicti
onary/translator-basic-dictionary-English.dict
Dictionary: translator-basic-dictionary, Language: English 
)
(/usr/share/texmf/tex/latex/beamer/base/translator/dicts/translator-bibliograph
y-dictionary/translator-bibliography-dictionary-English.dict
Dictionary: translator-bibliography-dictionary, Language: English 
)
(/usr/share/texmf/tex/latex/beamer/base/translator/dicts/translator-environment
-dictionary/translator-environment-dictionary-English.dict
Dictionary: translator-environment-dictionary, Language: English 
)
(/usr/share/texmf/tex/latex/beamer/base/translator/dicts/translator-months-dict
ionary/translator-months-dictionary-English.dict
Dictionary: translator-months-dictionary, Language: English 
)
(/usr/share/texmf/tex/latex/beamer/base/translator/dicts/translator-numbers-dic
tionary/translator-numbers-dictionary-English.dict
Dictionary: translator-numbers-dictionary, Language: English 
)
(/usr/share/texmf/tex/latex/beamer/base/translator/dicts/translator-theorem-dic
tionary/translator-theorem-dictionary-English.dict
Dictionary: translator-theorem-dictionary, Language: English 
)
LaTeX Info: Redefining \includegraphics on input line 54.
\c@lstlisting=\count214

No file latex-beamer.nav.
LaTeX Font Info:    Font shape `OT1/ptm/bx/n' in size <5> not available
(Font)              Font shape `OT1/ptm/b/n' tried instead on input line 54.

Overfull \hbox (184.27573pt too wide) in paragraph at lines 54--54
 [][]  
 []


Overfull \hbox (59.0967pt too wide) in paragraph at lines 54--54
 [][][][][]  
 []

LaTeX Font Info:    Font shape `OT1/ptm/bx/n' in size <10> not available
(Font)              Font shape `OT1/ptm/b/n' tried instead on input line 58.
LaTeX Font Info:    Font shape `OT1/ptm/bx/n' in size <4> not available
(Font)              Font shape `OT1/ptm/b/n' tried instead on input line 58.

Overfull \hbox (184.27573pt too wide) has occurred while \output is active
 [][]  
 []


Overfull \hbox (59.0967pt too wide) has occurred while \output is active
 [][][][][]  
 []

[1

]
No file latex-beamer.toc.

Overfull \hbox (184.27573pt too wide) has occurred while \output is active
 [][]  
 []


Overfull \hbox (59.0967pt too wide) has occurred while \output is active
 [][][][][]  
 []

[2

]
Overfull \hbox (184.27573pt too wide) has occurred while \output is active
 [][]  
 []


Overfull \hbox (59.0967pt too wide) has occurred while \output is active
 [][][][][]  
 []

[3

]
Overfull \hbox (184.27573pt too wide) has occurred while \output is active
 [][]  
 []


Overfull \hbox (59.0967pt too wide) has occurred while \output is active
 [][][][][]  
 []

[4

]
Overfull \hbox (184.27573pt too wide) has occurred while \output is active
 [][]  
 []


Overfull \hbox (59.0967pt too wide) has occurred while \output is active
 [][][][][]  
 []

[5

]
Overfull \hbox (184.27573pt too wide) has occurred while \output is active
 [][]  
 []


Overfull \hbox (59.0967pt too wide) has occurred while \output is active
 [][][][][]  
 []

[6

]
Overfull \hbox (184.27573pt too wide) has occurred while \output is active
 [][]  
 []


Overfull \hbox (59.0967pt too wide) has occurred while \output is active
 [][][][][]  
 []

[7

]
Overfull \hbox (184.27573pt too wide) has occurred while \output is active
 [][]  
 []


Overfull \hbox (59.0967pt too wide) has occurred while \output is active
 [][][][][]  
 []

[8

]
Overfull \hbox (184.27573pt too wide) has occurred while \output is active
 [][]  
 []


Overfull \hbox (59.0967pt too wide) has occurred while \output is active
 [][][][][]  
 []

[9

]
Overfull \hbox (184.27573pt too wide) has occurred while \output is active
 [][]  
 []


Overfull \hbox (59.0967pt too wide) has occurred while \output is active
 [][][][][]  
 []

[10

]
No file latex-beamer.toc.

Overfull \hbox (184.27573pt too wide) has occurred while \output is active
 [][]  
 []


Overfull \hbox (59.0967pt too wide) has occurred while \output is active
 [][][][][]  
 []

[11

]
File: Figs/1.eps Graphic file (type eps)
 <Figs/1.eps>
Overfull \vbox (0.56148pt too high) detected at line 142
 []


Overfull \hbox (184.27573pt too wide) has occurred while \output is active
 [][]  
 []


Overfull \hbox (59.0967pt too wide) has occurred while \output is active
 [][][][][]  
 []

[12

]
File: Figs/1.1.eps Graphic file (type eps)
 <Figs/1.1.eps>
Overfull \vbox (0.56148pt too high) detected at line 151
 []


Overfull \hbox (184.27573pt too wide) has occurred while \output is active
 [][]  
 []


Overfull \hbox (59.0967pt too wide) has occurred while \output is active
 [][][][][]  
 []

[13

]
File: Figs/1.2.eps Graphic file (type eps)
 <Figs/1.2.eps>
Overfull \vbox (0.56148pt too high) detected at line 160
 []


Overfull \hbox (184.27573pt too wide) has occurred while \output is active
 [][]  
 []


Overfull \hbox (59.0967pt too wide) has occurred while \output is active
 [][][][][]  
 []

[14

]
File: Figs/1.3.eps Graphic file (type eps)
 <Figs/1.3.eps>
Overfull \vbox (0.56148pt too high) detected at line 169
 []


Overfull \hbox (184.27573pt too wide) has occurred while \output is active
 [][]  
 []


Overfull \hbox (59.0967pt too wide) has occurred while \output is active
 [][][][][]  
 []

[15

]
File: Figs/1.3.1.eps Graphic file (type eps)
 <Figs/1.3.1.eps>
Overfull \vbox (0.56148pt too high) detected at line 178
 []


Overfull \hbox (184.27573pt too wide) has occurred while \output is active
 [][]  
 []


Overfull \hbox (59.0967pt too wide) has occurred while \output is active
 [][][][][]  
 []

[16

]
File: Figs/1.3.2.eps Graphic file (type eps)
 <Figs/1.3.2.eps>
Overfull \vbox (0.56148pt too high) detected at line 187
 []


Overfull \hbox (184.27573pt too wide) has occurred while \output is active
 [][]  
 []


Overfull \hbox (59.0967pt too wide) has occurred while \output is active
 [][][][][]  
 []

[17

]
File: Figs/1.4.eps Graphic file (type eps)
 <Figs/1.4.eps>
Overfull \vbox (0.56148pt too high) detected at line 196
 []


Overfull \hbox (184.27573pt too wide) has occurred while \output is active
 [][]  
 []


Overfull \hbox (59.0967pt too wide) has occurred while \output is active
 [][][][][]  
 []

[18

]
File: Figs/1.5.eps Graphic file (type eps)
 <Figs/1.5.eps>
Overfull \vbox (0.56148pt too high) detected at line 205
 []


Overfull \hbox (184.27573pt too wide) has occurred while \output is active
 [][]  
 []


Overfull \hbox (59.0967pt too wide) has occurred while \output is active
 [][][][][]  
 []

[19

]
File: Figs/1.6.eps Graphic file (type eps)
 <Figs/1.6.eps>
Overfull \vbox (0.56148pt too high) detected at line 214
 []


Overfull \hbox (184.27573pt too wide) has occurred while \output is active
 [][]  
 []


Overfull \hbox (59.0967pt too wide) has occurred while \output is active
 [][][][][]  
 []

[20

]
File: Figs/1.7.eps Graphic file (type eps)
 <Figs/1.7.eps>
Overfull \vbox (0.56148pt too high) detected at line 223
 []


Overfull \hbox (184.27573pt too wide) has occurred while \output is active
 [][]  
 []


Overfull \hbox (59.0967pt too wide) has occurred while \output is active
 [][][][][]  
 []

[21

]
File: Figs/1.8.eps Graphic file (type eps)
 <Figs/1.8.eps>
Overfull \vbox (0.56148pt too high) detected at line 232
 []


Overfull \hbox (184.27573pt too wide) has occurred while \output is active
 [][]  
 []


Overfull \hbox (59.0967pt too wide) has occurred while \output is active
 [][][][][]  
 []

[22

]
File: Figs/1.9.eps Graphic file (type eps)
 <Figs/1.9.eps>
Overfull \vbox (0.56148pt too high) detected at line 241
 []


Overfull \hbox (184.27573pt too wide) has occurred while \output is active
 [][]  
 []


Overfull \hbox (59.0967pt too wide) has occurred while \output is active
 [][][][][]  
 []

[23

]
No file latex-beamer.toc.

Overfull \hbox (184.27573pt too wide) has occurred while \output is active
 [][]  
 []


Overfull \hbox (59.0967pt too wide) has occurred while \output is active
 [][][][][]  
 []

[24

]
File: Figs/4.1.eps Graphic file (type eps)
 <Figs/4.1.eps>
Overfull \hbox (184.27573pt too wide) has occurred while \output is active
 [][]  
 []


Overfull \hbox (59.0967pt too wide) has occurred while \output is active
 [][][][][]  
 []

[25

]
File: Figs/4.2.eps Graphic file (type eps)
 <Figs/4.2.eps>
Overfull \hbox (184.27573pt too wide) has occurred while \output is active
 [][]  
 []


Overfull \hbox (59.0967pt too wide) has occurred while \output is active
 [][][][][]  
 []

[26

]
File: Figs/4.3.eps Graphic file (type eps)
 <Figs/4.3.eps>
Overfull \hbox (184.27573pt too wide) has occurred while \output is active
 [][]  
 []


Overfull \hbox (59.0967pt too wide) has occurred while \output is active
 [][][][][]  
 []

[27

]
File: Figs/4.4.eps Graphic file (type eps)
 <Figs/4.4.eps>
Overfull \hbox (184.27573pt too wide) has occurred while \output is active
 [][]  
 []


Overfull \hbox (59.0967pt too wide) has occurred while \output is active
 [][][][][]  
 []

[28

]
File: Figs/4.5.eps Graphic file (type eps)
 <Figs/4.5.eps>
Overfull \hbox (184.27573pt too wide) has occurred while \output is active
 [][]  
 []


Overfull \hbox (59.0967pt too wide) has occurred while \output is active
 [][][][][]  
 []

[29

]
File: Figs/4.5.1.eps Graphic file (type eps)
 <Figs/4.5.1.eps>
Overfull \hbox (184.27573pt too wide) has occurred while \output is active
 [][]  
 []


Overfull \hbox (59.0967pt too wide) has occurred while \output is active
 [][][][][]  
 []

[30

]
File: Figs/4.6.eps Graphic file (type eps)
 <Figs/4.6.eps>
Overfull \hbox (184.27573pt too wide) has occurred while \output is active
 [][]  
 []


Overfull \hbox (59.0967pt too wide) has occurred while \output is active
 [][][][][]  
 []

[31

]
File: Figs/4.7.eps Graphic file (type eps)
 <Figs/4.7.eps>
Overfull \hbox (184.27573pt too wide) has occurred while \output is active
 [][]  
 []


Overfull \hbox (59.0967pt too wide) has occurred while \output is active
 [][][][][]  
 []

[32

]
Overfull \hbox (184.27573pt too wide) has occurred while \output is active
 [][]  
 []


Overfull \hbox (59.0967pt too wide) has occurred while \output is active
 [][][][][]  
 []

[33

]
Overfull \hbox (184.27573pt too wide) has occurred while \output is active
 [][]  
 []


Overfull \hbox (59.0967pt too wide) has occurred while \output is active
 [][][][][]  
 []

[34

]
No file latex-beamer.toc.

Overfull \hbox (184.27573pt too wide) has occurred while \output is active
 [][]  
 []


Overfull \hbox (59.0967pt too wide) has occurred while \output is active
 [][][][][]  
 []

[35

]
File: Figs/2.1.eps Graphic file (type eps)
 <Figs/2.1.eps>
Overfull \hbox (184.27573pt too wide) has occurred while \output is active
 [][]  
 []


Overfull \hbox (59.0967pt too wide) has occurred while \output is active
 [][][][][]  
 []

[36

]
File: Figs/2.2.eps Graphic file (type eps)
 <Figs/2.2.eps>
Overfull \hbox (184.27573pt too wide) has occurred while \output is active
 [][]  
 []


Overfull \hbox (59.0967pt too wide) has occurred while \output is active
 [][][][][]  
 []

[37

]
File: Figs/2.3.eps Graphic file (type eps)
 <Figs/2.3.eps>
Overfull \hbox (184.27573pt too wide) has occurred while \output is active
 [][]  
 []


Overfull \hbox (59.0967pt too wide) has occurred while \output is active
 [][][][][]  
 []

[38

]
File: Figs/2.4.eps Graphic file (type eps)
 <Figs/2.4.eps>
Overfull \hbox (184.27573pt too wide) has occurred while \output is active
 [][]  
 []


Overfull \hbox (59.0967pt too wide) has occurred while \output is active
 [][][][][]  
 []

[39

]
File: Figs/2.4.1.eps Graphic file (type eps)
 <Figs/2.4.1.eps>
Overfull \hbox (184.27573pt too wide) has occurred while \output is active
 [][]  
 []


Overfull \hbox (59.0967pt too wide) has occurred while \output is active
 [][][][][]  
 []

[40

]
File: Figs/2.5.eps Graphic file (type eps)
 <Figs/2.5.eps>
Overfull \hbox (184.27573pt too wide) has occurred while \output is active
 [][]  
 []


Overfull \hbox (59.0967pt too wide) has occurred while \output is active
 [][][][][]  
 []

[41

]
File: Figs/2.7.eps Graphic file (type eps)
 <Figs/2.7.eps>
Overfull \hbox (184.27573pt too wide) has occurred while \output is active
 [][]  
 []


Overfull \hbox (59.0967pt too wide) has occurred while \output is active
 [][][][][]  
 []

[42

]
File: Figs/2.8.eps Graphic file (type eps)
 <Figs/2.8.eps>
Overfull \hbox (184.27573pt too wide) has occurred while \output is active
 [][]  
 []


Overfull \hbox (59.0967pt too wide) has occurred while \output is active
 [][][][][]  
 []

[43

]
File: Figs/2.9.eps Graphic file (type eps)
 <Figs/2.9.eps>
Overfull \hbox (184.27573pt too wide) has occurred while \output is active
 [][]  
 []


Overfull \hbox (59.0967pt too wide) has occurred while \output is active
 [][][][][]  
 []

[44

]
File: Figs/3.1.eps Graphic file (type eps)
 <Figs/3.1.eps>
Overfull \hbox (184.27573pt too wide) has occurred while \output is active
 [][]  
 []


Overfull \hbox (59.0967pt too wide) has occurred while \output is active
 [][][][][]  
 []

[45

]
File: Figs/3.2.eps Graphic file (type eps)
 <Figs/3.2.eps>
Overfull \hbox (184.27573pt too wide) has occurred while \output is active
 [][]  
 []


Overfull \hbox (59.0967pt too wide) has occurred while \output is active
 [][][][][]  
 []

[46

]
File: Figs/3.3.eps Graphic file (type eps)
 <Figs/3.3.eps>
Overfull \hbox (184.27573pt too wide) has occurred while \output is active
 [][]  
 []


Overfull \hbox (59.0967pt too wide) has occurred while \output is active
 [][][][][]  
 []

[47

]
File: Figs/3.4.eps Graphic file (type eps)
 <Figs/3.4.eps>
Overfull \hbox (184.27573pt too wide) has occurred while \output is active
 [][]  
 []


Overfull \hbox (59.0967pt too wide) has occurred while \output is active
 [][][][][]  
 []

[48

]
File: Figs/3.4.1.eps Graphic file (type eps)
 <Figs/3.4.1.eps>
Overfull \hbox (184.27573pt too wide) has occurred while \output is active
 [][]  
 []


Overfull \hbox (59.0967pt too wide) has occurred while \output is active
 [][][][][]  
 []

[49

]
File: Figs/3.5.eps Graphic file (type eps)
 <Figs/3.5.eps>
Overfull \hbox (184.27573pt too wide) has occurred while \output is active
 [][]  
 []


Overfull \hbox (59.0967pt too wide) has occurred while \output is active
 [][][][][]  
 []

[50

]
File: Figs/3.5.1.eps Graphic file (type eps)
 <Figs/3.5.1.eps>
Overfull \hbox (184.27573pt too wide) has occurred while \output is active
 [][]  
 []


Overfull \hbox (59.0967pt too wide) has occurred while \output is active
 [][][][][]  
 []

[51

]
Overfull \hbox (184.27573pt too wide) has occurred while \output is active
 [][]  
 []


Overfull \hbox (59.0967pt too wide) has occurred while \output is active
 [][][][][]  
 []

[52

]
Overfull \hbox (184.27573pt too wide) has occurred while \output is active
 [][]  
 []


Overfull \hbox (59.0967pt too wide) has occurred while \output is active
 [][][][][]  
 []

[53

]
No file latex-beamer.toc.

Overfull \hbox (184.27573pt too wide) has occurred while \output is active
 [][]  
 []


Overfull \hbox (59.0967pt too wide) has occurred while \output is active
 [][][][][]  
 []

[54

]
Overfull \hbox (184.27573pt too wide) has occurred while \output is active
 [][]  
 []


Overfull \hbox (59.0967pt too wide) has occurred while \output is active
 [][][][][]  
 []

[55

]
Overfull \hbox (184.27573pt too wide) has occurred while \output is active
 [][]  
 []


Overfull \hbox (59.0967pt too wide) has occurred while \output is active
 [][][][][]  
 []

[56

]
Overfull \hbox (184.27573pt too wide) has occurred while \output is active
 [][]  
 []


Overfull \hbox (59.0967pt too wide) has occurred while \output is active
 [][][][][]  
 []

[57

]
Overfull \hbox (184.27573pt too wide) has occurred while \output is active
 [][]  
 []


Overfull \hbox (59.0967pt too wide) has occurred while \output is active
 [][][][][]  
 []

[58

]
Overfull \hbox (184.27573pt too wide) has occurred while \output is active
 [][]  
 []


Overfull \hbox (59.0967pt too wide) has occurred while \output is active
 [][][][][]  
 []

[59

]
Overfull \hbox (184.27573pt too wide) has occurred while \output is active
 [][]  
 []


Overfull \hbox (59.0967pt too wide) has occurred while \output is active
 [][][][][]  
 []

[60

]
Overfull \hbox (184.27573pt too wide) has occurred while \output is active
 [][]  
 []


Overfull \hbox (59.0967pt too wide) has occurred while \output is active
 [][][][][]  
 []

[61

]
Overfull \hbox (184.27573pt too wide) has occurred while \output is active
 [][]  
 []


Overfull \hbox (59.0967pt too wide) has occurred while \output is active
 [][][][][]  
 []

[62

]
Overfull \hbox (184.27573pt too wide) has occurred while \output is active
 [][]  
 []


Overfull \hbox (59.0967pt too wide) has occurred while \output is active
 [][][][][]  
 []

[63

]
Overfull \hbox (184.27573pt too wide) has occurred while \output is active
 [][]  
 []


Overfull \hbox (59.0967pt too wide) has occurred while \output is active
 [][][][][]  
 []

[64

]
Overfull \hbox (184.27573pt too wide) has occurred while \output is active
 [][]  
 []


Overfull \hbox (59.0967pt too wide) has occurred while \output is active
 [][][][][]  
 []

[65

]
Overfull \hbox (184.27573pt too wide) has occurred while \output is active
 [][]  
 []


Overfull \hbox (59.0967pt too wide) has occurred while \output is active
 [][][][][]  
 []

[66

]
Overfull \hbox (184.27573pt too wide) has occurred while \output is active
 [][]  
 []


Overfull \hbox (59.0967pt too wide) has occurred while \output is active
 [][][][][]  
 []

[67

]
Overfull \hbox (184.27573pt too wide) has occurred while \output is active
 [][]  
 []


Overfull \hbox (59.0967pt too wide) has occurred while \output is active
 [][][][][]  
 []

[68

]
Overfull \hbox (184.27573pt too wide) has occurred while \output is active
 [][]  
 []


Overfull \hbox (59.0967pt too wide) has occurred while \output is active
 [][][][][]  
 []

[69

]
Overfull \hbox (184.27573pt too wide) has occurred while \output is active
 [][]  
 []


Overfull \hbox (59.0967pt too wide) has occurred while \output is active
 [][][][][]  
 []

[70

]
Overfull \hbox (184.27573pt too wide) has occurred while \output is active
 [][]  
 []


Overfull \hbox (59.0967pt too wide) has occurred while \output is active
 [][][][][]  
 []

[71

]
Overfull \hbox (184.27573pt too wide) has occurred while \output is active
 [][]  
 []


Overfull \hbox (59.0967pt too wide) has occurred while \output is active
 [][][][][]  
 []

[72

]
Overfull \hbox (184.27573pt too wide) has occurred while \output is active
 [][]  
 []


Overfull \hbox (59.0967pt too wide) has occurred while \output is active
 [][][][][]  
 []

[73

]
Overfull \hbox (184.27573pt too wide) has occurred while \output is active
 [][]  
 []


Overfull \hbox (59.0967pt too wide) has occurred while \output is active
 [][][][][]  
 []

[74

]
No file latex-beamer.toc.

Overfull \hbox (184.27573pt too wide) has occurred while \output is active
 [][]  
 []


Overfull \hbox (59.0967pt too wide) has occurred while \output is active
 [][][][][]  
 []

[75

]
Overfull \hbox (184.27573pt too wide) has occurred while \output is active
 [][]  
 []


Overfull \hbox (59.0967pt too wide) has occurred while \output is active
 [][][][][]  
 []

[76

]
No file latex-beamer.toc.

Overfull \hbox (184.27573pt too wide) has occurred while \output is active
 [][]  
 []


Overfull \hbox (59.0967pt too wide) has occurred while \output is active
 [][][][][]  
 []

[77

]
Missing character: There is no  in font ptmr7t!
Missing character: There is no  in font ptmr7t!
Missing character: There is no  in font ptmr7t!
LaTeX Font Info:    Font shape `OT1/ptm/bx/n' in size <8> not available
(Font)              Font shape `OT1/ptm/b/n' tried instead on input line 616.

Overfull \hbox (184.27573pt too wide) has occurred while \output is active
 [][]  
 []


Overfull \hbox (59.0967pt too wide) has occurred while \output is active
 [][][][][]  
 []

[78

]
Overfull \hbox (184.27573pt too wide) has occurred while \output is active
 [][]  
 []


Overfull \hbox (59.0967pt too wide) has occurred while \output is active
 [][][][][]  
 []

[79

]
LaTeX Font Info:    Try loading font information for OT1+ptmcm on input line 65
0.
 (/usr/share/texlive/texmf-dist/tex/latex/psnfss/ot1ptmcm.fd
File: ot1ptmcm.fd 2000/01/03 Fontinst v1.801 font definitions for OT1/ptmcm.
)
LaTeX Font Info:    Try loading font information for OML+ptmcm on input line 65
0.

(/usr/share/texlive/texmf-dist/tex/latex/psnfss/omlptmcm.fd
File: omlptmcm.fd 2000/01/03 Fontinst v1.801 font definitions for OML/ptmcm.
)
LaTeX Font Info:    Try loading font information for OMS+pzccm on input line 65
0.

(/usr/share/texlive/texmf-dist/tex/latex/psnfss/omspzccm.fd
File: omspzccm.fd 2000/01/03 Fontinst v1.801 font definitions for OMS/pzccm.
)
LaTeX Font Info:    Try loading font information for OMX+psycm on input line 65
0.

(/usr/share/texlive/texmf-dist/tex/latex/psnfss/omxpsycm.fd
File: omxpsycm.fd 2000/01/03 Fontinst v1.801 font definitions for OMX/psycm.
)
LaTeX Font Info:    Try loading font information for U+msa on input line 650.

(/usr/share/texlive/texmf-dist/tex/latex/amsfonts/umsa.fd
File: umsa.fd 2013/01/14 v3.01 AMS symbols A
)
LaTeX Font Info:    Try loading font information for U+msb on input line 650.

(/usr/share/texlive/texmf-dist/tex/latex/amsfonts/umsb.fd
File: umsb.fd 2013/01/14 v3.01 AMS symbols B
)
LaTeX Font Info:    Font shape `OT1/ptm/bx/n' in size <7.4> not available
(Font)              Font shape `OT1/ptm/b/n' tried instead on input line 650.
LaTeX Font Info:    Font shape `OT1/ptm/bx/n' in size <6> not available
(Font)              Font shape `OT1/ptm/b/n' tried instead on input line 650.

Overfull \hbox (184.27573pt too wide) has occurred while \output is active
 [][]  
 []


Overfull \hbox (59.0967pt too wide) has occurred while \output is active
 [][][][][]  
 []

[80

]
Overfull \hbox (184.27573pt too wide) has occurred while \output is active
 [][]  
 []


Overfull \hbox (59.0967pt too wide) has occurred while \output is active
 [][][][][]  
 []

[81

]
No file latex-beamer.toc.

Overfull \hbox (184.27573pt too wide) has occurred while \output is active
 [][]  
 []


Overfull \hbox (59.0967pt too wide) has occurred while \output is active
 [][][][][]  
 []

[82

]
Overfull \hbox (184.27573pt too wide) has occurred while \output is active
 [][]  
 []


Overfull \hbox (59.0967pt too wide) has occurred while \output is active
 [][][][][]  
 []

[83

]
No file latex-beamer.toc.

Overfull \hbox (184.27573pt too wide) has occurred while \output is active
 [][]  
 []


Overfull \hbox (59.0967pt too wide) has occurred while \output is active
 [][][][][]  
 []

[84

]
Missing character: There is no  in font ptmr7t!
Missing character: There is no  in font ptmr7t!
Missing character: There is no  in font ptmr7t!

Overfull \hbox (184.27573pt too wide) has occurred while \output is active
 [][]  
 []


Overfull \hbox (59.0967pt too wide) has occurred while \output is active
 [][][][][]  
 []

[85

]
Overfull \hbox (184.27573pt too wide) has occurred while \output is active
 [][]  
 []


Overfull \hbox (59.0967pt too wide) has occurred while \output is active
 [][][][][]  
 []

[86

]
Overfull \hbox (184.27573pt too wide) has occurred while \output is active
 [][]  
 []


Overfull \hbox (59.0967pt too wide) has occurred while \output is active
 [][][][][]  
 []

[87

]
\tf@nav=\write6
\openout6 = `latex-beamer.nav'.

\tf@toc=\write7
\openout7 = `latex-beamer.toc'.

\tf@snm=\write8
\openout8 = `latex-beamer.snm'.

Package atveryend Info: Empty hook `BeforeClearDocument' on input line 704.
Package atveryend Info: Empty hook `AfterLastShipout' on input line 704.
 (./latex-beamer.aux)
Package atveryend Info: Empty hook `AtVeryEndDocument' on input line 704.
Package atveryend Info: Executing hook `AtEndAfterFileList' on input line 704.


Package rerunfilecheck Warning: File `latex-beamer.out' has changed.
(rerunfilecheck)                Rerun to get outlines right
(rerunfilecheck)                or use package `bookmark'.

Package rerunfilecheck Info: Checksums for `latex-beamer.out':
(rerunfilecheck)             Before: <no file>
(rerunfilecheck)             After:  D41D8CD98F00B204E9800998ECF8427E;0.

LaTeX Font Warning: Some font shapes were not available, defaults substituted.

Package atveryend Info: Empty hook `AtVeryVeryEnd' on input line 704.
 ) 
Here is how much of TeX's memory you used:
 22096 strings out of 493305
 401737 string characters out of 6139897
 545279 words of memory out of 5000000
 24977 multiletter control sequences out of 15000+600000
 19333 words of font info for 51 fonts, out of 8000000 for 9000
 957 hyphenation exceptions out of 8191
 49i,17n,72p,856b,575s stack positions out of 5000i,500n,10000p,200000b,80000s

Output written on latex-beamer.dvi (87 pages, 989932 bytes).
